copying global attributes ..
copying dimensions ..
copying variable nav_lat
copying variable nav_lon
copying variable time_centered
copying variable time_centered_bounds
copying variable time_counter
copying variable time_counter_bounds
copying variable siconc
copying variable sithic
copying variable sivolu
copying variable snvolu
copying variable sisali
copying variable sst_m
copying variable sss_m
copying variable sidive-t
copying variable sishea-t
copying variable sitemp
copying variable sittop
copying variable sitbot
copying variable u_ice
copying variable v_ice
copying variable sivelo-t
copying variable taum_ai
copying variable utau_ai
copying variable vtau_ai
copying variable taum_oi
copying variable utau_oi
copying variable vtau_oi
copying variable ice_sigI-t
copying variable ice_sigII-t
copying variable qt_ice
copying variable qsr_ice
copying variable qns_ice
copying global attributes ..
copying dimensions ..
copying variable nav_lat
copying variable nav_lon
copying variable deptht
copying variable deptht_bounds
copying variable time_instant
copying variable time_instant_bounds
copying variable time_counter
copying variable time_counter_bounds
copying variable time_centered
copying variable time_centered_bounds
copying variable thetao
copying variable so
copying variable tos
copying variable sos
copying variable zos
copying variable mldr10_1
copying variable wfo
copying variable qsr_oce
copying variable qns_oce
copying variable qt_oce
copying variable sfx
copying variable taum
copying variable windsp
copying variable wnd_x
copying variable wnd_y
copying variable precip
copying variable ahmt_2d
copying variable snowpre
copying global attributes ..
copying dimensions ..
copying variable nav_lat
copying variable nav_lon
copying variable depthu
copying variable depthu_bounds
copying variable time_centered
copying variable time_centered_bounds
copying variable time_counter
copying variable time_counter_bounds
copying variable time_instant
copying variable time_instant_bounds
copying variable uos
copying variable uo
copying variable tauuo
copying global attributes ..
copying dimensions ..
copying variable nav_lat
copying variable nav_lon
copying variable depthv
copying variable depthv_bounds
copying variable time_centered
copying variable time_centered_bounds
copying variable time_counter
copying variable time_counter_bounds
copying variable time_instant
copying variable time_instant_bounds
copying variable vos
copying variable vo
copying variable tauvo
copying global attributes ..
copying dimensions ..
copying variable nav_lat
copying variable nav_lon
copying variable time_instant
copying variable time_instant_bounds
copying variable time_counter
copying variable time_counter_bounds
copying variable zfUu
copying variable zfVv
copying variable siconc
copying variable snvolu
copying variable sithic
copying variable sivolu
copying variable sst_m
copying variable sss_m
copying variable sidive-t
copying variable sishea-t
copying variable sitemp
copying variable sittop
copying variable sitbot
copying variable u_ice
copying variable v_ice
copying variable sivelo-t
copying variable taum_ai
copying variable utau_ai
copying variable vtau_ai
copying variable taum_oi
copying variable utau_oi
copying variable vtau_oi
copying variable ice_sigI-t
copying variable ice_sigII-t
copying variable qt_ice
copying variable qsr_ice
copying variable qns_ice
copying global attributes ..
copying dimensions ..
copying variable nav_lat
copying variable nav_lon
copying variable time_centered
copying variable time_centered_bounds
copying variable time_counter
copying variable time_counter_bounds
copying variable siconc
copying variable sithic
copying variable sivolu
copying variable snvolu
copying variable sisali
copying variable sst_m
copying variable sss_m
copying variable sidive-t
copying variable sishea-t
copying variable sitemp
copying variable sittop
copying variable sitbot
copying variable u_ice
copying variable v_ice
copying variable sivelo-t
copying variable taum_ai
copying variable utau_ai
copying variable vtau_ai
copying variable taum_oi
copying variable utau_oi
copying variable vtau_oi
copying variable ice_sigI-t
copying variable ice_sigII-t
copying variable qt_ice
copying variable qsr_ice
copying variable qns_ice
copying global attributes ..
copying dimensions ..
copying variable nav_lat
copying variable nav_lon
copying variable deptht
copying variable deptht_bounds
copying variable time_instant
copying variable time_instant_bounds
copying variable time_counter
copying variable time_counter_bounds
copying variable time_centered
copying variable time_centered_bounds
copying variable thetao
copying variable so
