copying global attributes ..
copying dimensions ..
copying variable nav_lat
copying variable nav_lon
copying variable time_centered
copying variable time_centered_bounds
copying variable time_counter
copying variable time_counter_bounds
copying variable siconc
copying variable sithic
copying variable sivolu
copying variable snvolu
copying variable sisali
copying variable sst_m
copying variable sss_m
copying variable damage-t
copying variable sidive-t
copying variable sishea-t
copying variable sidefo-t
copying variable sitemp
copying variable u_ice
copying variable v_ice
copying variable sivelo-t
copying variable taum_ai
copying variable utau_ai
copying variable vtau_ai
copying variable taum_oi
copying variable utau_oi
copying variable vtau_oi
copying variable ice_sigI-t
copying variable ice_sigII-t
copying variable qt_ice
copying variable qsr_ice
copying variable qns_ice
copying global attributes ..
copying dimensions ..
copying variable nav_lat
copying variable nav_lon
copying variable time_centered
copying variable time_centered_bounds
copying variable time_counter
copying variable time_counter_bounds
copying variable tos
copying variable sos
copying variable zos
copying variable windsp
copying variable snowpre
copying global attributes ..
copying dimensions ..
copying variable nav_lat
copying variable nav_lon
copying variable time_centered
copying variable time_centered_bounds
copying variable time_counter
copying variable time_counter_bounds
copying variable uos
copying variable tauuo
copying global attributes ..
copying dimensions ..
copying variable nav_lat
copying variable nav_lon
copying variable time_centered
copying variable time_centered_bounds
copying variable time_counter
copying variable time_counter_bounds
copying variable vos
copying variable tauvo
copying global attributes ..
copying dimensions ..
copying variable nav_lat
copying variable nav_lon
copying variable time_centered
copying variable time_centered_bounds
copying variable time_counter
copying variable time_counter_bounds
copying variable siconc
copying variable sithic
copying variable sivolu
copying variable u_ice
copying variable v_ice
copying variable damage-t
copying global attributes ..
copying dimensions ..
copying variable nav_lat
copying variable nav_lon
copying variable time_instant
copying variable time_instant_bounds
copying variable time_counter
copying variable time_counter_bounds
copying variable siconc
copying variable snvolu
copying variable sithic
copying variable sivolu
copying variable damage-t
copying variable sidive-t
copying variable sishea-t
copying variable sidefo-t
copying variable sivort-f
copying variable u_ice
copying variable v_ice
copying variable sivelo-t
copying variable taum_ai
copying variable utau_ai
copying variable vtau_ai
copying variable taum_oi
copying variable utau_oi
copying variable vtau_oi
copying variable ice_sigI-t
copying variable ice_sigII-t
copying variable qt_ice
copying variable qsr_ice
copying variable qns_ice
copying global attributes ..
copying dimensions ..
copying variable nav_lat
copying variable nav_lon
copying variable time_centered
copying variable time_centered_bounds
copying variable time_counter
copying variable time_counter_bounds
copying variable siconc
copying variable sithic
copying variable sivolu
copying variable snvolu
copying variable sisali
copying variable sst_m
copying variable sss_m
copying variable damage-t
copying variable sidive-t
copying variable sishea-t
copying variable sidefo-t
copying variable sitemp
copying variable u_ice
copying variable v_ice
copying variable sivelo-t
copying variable taum_ai
copying variable utau_ai
copying variable vtau_ai
copying variable taum_oi
copying variable utau_oi
copying variable vtau_oi
copying variable ice_sigI-t
copying variable ice_sigII-t
copying variable qt_ice
copying variable qsr_ice
copying variable qns_ice
copying global attributes ..
copying dimensions ..
copying variable nav_lat
copying variable nav_lon
copying variable time_centered
copying variable time_centered_bounds
copying variable time_counter
copying variable time_counter_bounds
copying variable tos
copying variable sos
copying variable zos
copying variable windsp
copying variable snowpre
copying global attributes ..
copying dimensions ..
copying variable nav_lat
copying variable nav_lon
copying variable time_centered
copying variable time_centered_bounds
copying variable time_counter
copying variable time_counter_bounds
copying variable uos
copying variable tauuo
copying global attributes ..
copying dimensions ..
copying variable nav_lat
copying variable nav_lon
copying variable time_centered
copying variable time_centered_bounds
copying variable time_counter
copying variable time_counter_bounds
copying variable vos
copying variable tauvo
copying global attributes ..
copying dimensions ..
copying variable nav_lat
copying variable nav_lon
copying variable time_centered
copying variable time_centered_bounds
copying variable time_counter
copying variable time_counter_bounds
copying variable siconc
copying variable sithic
copying variable sivolu
copying variable u_ice
copying variable v_ice
copying variable damage-t
copying global attributes ..
copying dimensions ..
copying variable nav_lat
copying variable nav_lon
copying variable time_instant
copying variable time_instant_bounds
copying variable time_counter
copying variable time_counter_bounds
copying variable siconc
copying variable snvolu
copying variable sithic
copying variable sivolu
copying variable damage-t
copying variable sidive-t
copying variable sishea-t
copying variable sidefo-t
copying variable sivort-f
copying variable u_ice
copying variable v_ice
copying variable sivelo-t
copying variable taum_ai
copying variable utau_ai
copying variable vtau_ai
copying variable taum_oi
copying variable utau_oi
copying variable vtau_oi
copying variable ice_sigI-t
copying variable ice_sigII-t
copying variable qt_ice
copying variable qsr_ice
copying variable qns_ice
